(0000) 3000  0011000000000000 (   7)                 .ORIG x3000
(3000) 2CE2  0010110011100010 (   9)                 LD    R6 STACKBASE
(3001) 5260  0101001001100000 (  11)                 AND   R1 R1 #0
(3002) E4E1  1110010011100001 (  13)                 LEA   R2 MSG
(3003) 1481  0001010010000001 (  14)                 ADD   R2 R2 R1
(3004) 6680  0110011010000000 (  15)                 LDR   R3 R2 #0
(3005) 0434  0000010000110100 (  16)                 BRZ   DONE
(3006) 1261  0001001001100001 (  17)                 ADD   R1 R1 #1
(3007) 1DBF  0001110110111111 (  19)                 ADD   R6 R6 #-1
(3008) 7780  0111011110000000 (  20)                 STR   R3 R6 #0
(3009) 1DBF  0001110110111111 (  22)                 ADD   R6 R6 #-1
(300A) 48BE  0100100010111110 (  25)                 JSR   START_SUBROUTINE
(300B) 6B80  0110101110000000 (  27)                 LDR   R5 R6 #0
(300C) 1DA2  0001110110100010 (  28)                 ADD   R6 R6 #2
(300D) E4D6  1110010011010110 (  31) LOOP            LEA   R2 MSG
(300E) 1481  0001010010000001 (  32)                 ADD   R2 R2 R1
(300F) 6680  0110011010000000 (  33)                 LDR   R3 R2 #0
(3010) 0429  0000010000101001 (  34)                 BRZ   DONE
(3011) 1DBF  0001110110111111 (  36)                 ADD   R6 R6 #-1
(3012) 7780  0111011110000000 (  37)                 STR   R3 R6 #0
(3013) 1DBF  0001110110111111 (  39)                 ADD   R6 R6 #-1
(3014) 28ED  0010100011101101 (  41)                 LD    R4 HALT_PROCESS_CHECK
(3015) 1905  0001100100000101 (  42)                 ADD   R4 R4 R5
(3016) 0A09  0000101000001001 (  43)                 BRNP  NOT_HALT
(3017) 4825  0100100000100101 (  45)                 JSR   HALT_PROCESS_SUBROUTINE
(3018) 6B80  0110101110000000 (  47)                 LDR   R5 R6 #0
(3019) 1DA2  0001110110100010 (  48)                 ADD   R6 R6 #2
(301A) E8DD  1110100011011101 (  50)                 LEA   R4 HALT_VALUE
(301B) 6100  0110000100000000 (  51)                 LDR   R0 R4 #0
(301C) F021  1111000000100001 (  52)                 TRAP  x21
(301D) 20D3  0010000011010011 (  54)                 LD    R0 SPACE
(301E) F021  1111000000100001 (  55)                 TRAP  x21
(301F) 0E18  0000111000011000 (  57)                 BRNZP NEXT
(3020) 28E0  0010100011100000 (  61) NOT_HALT        LD    R4 EXECUTE_ACTION_CHECK
(3021) 1905  0001100100000101 (  62)                 ADD   R4 R4 R5
(3022) 0A04  0000101000000100 (  63)                 BRNP  NOT_EXECUTE_ACTION
(3023) 4838  0100100000111000 (  65)                 JSR   EXECUTE_ACTION_SUBROUTINE
(3024) 6B80  0110101110000000 (  67)                 LDR   R5 R6 #0
(3025) 1DA2  0001110110100010 (  68)                 ADD   R6 R6 #2
(3026) 0E11  0000111000010001 (  70)                 BRNZP NEXT
(3027) 28D8  0010100011011000 (  74) NOT_EXECUTE_ACTION LD    R4 ACTION_START_CHECK
(3028) 1905  0001100100000101 (  75)                 ADD   R4 R4 R5
(3029) 0A04  0000101000000100 (  76)                 BRNP  NOT_ACTION_START
(302A) 4850  0100100001010000 (  78)                 JSR   ACTION_START_SUBROUTINE
(302B) 6B80  0110101110000000 (  80)                 LDR   R5 R6 #0
(302C) 1DA2  0001110110100010 (  81)                 ADD   R6 R6 #2
(302D) 0E0A  0000111000001010 (  83)                 BRNZP NEXT
(302E) 28D0  0010100011010000 (  87) NOT_ACTION_START LD    R4 MESSAGE_START_CHECK
(302F) 1905  0001100100000101 (  88)                 ADD   R4 R4 R5
(3030) 0A04  0000101000000100 (  89)                 BRNP  NOT_MESSAGE_START
(3031) 4873  0100100001110011 (  91)                 JSR   MESSAGE_START_SUBROUTINE
(3032) 6B80  0110101110000000 (  93)                 LDR   R5 R6 #0
(3033) 1DA2  0001110110100010 (  94)                 ADD   R6 R6 #2
(3034) 0E03  0000111000000011 (  95)                 BRNZP NEXT
(3035) 4893  0100100010010011 (  99) NOT_MESSAGE_START JSR   START_SUBROUTINE
(3036) 6B80  0110101110000000 ( 101)                 LDR   R5 R6 #0
(3037) 1DA2  0001110110100010 ( 102)                 ADD   R6 R6 #2
(3038) 1261  0001001001100001 ( 105) NEXT            ADD   R1 R1 #1
(3039) 0FD3  0000111111010011 ( 106)                 BRNZP LOOP
(303A) E0BF  1110000010111111 ( 109) DONE            LEA   R0 DONE_MESSAGE
(303B) F022  1111000000100010 ( 110)                 TRAP  x22
(303C) F025  1111000000100101 ( 112)                 TRAP  x25
(303D) 1DBF  0001110110111111 ( 128) HALT_PROCESS_SUBROUTINE ADD   R6 R6 #-1
(303E) 7B80  0111101110000000 ( 129)                 STR   R5 R6 #0
(303F) 1BA1  0001101110100001 ( 131)                 ADD   R5 R6 #1
(3040) 1DBF  0001110110111111 ( 133)                 ADD   R6 R6 #-1
(3041) 7380  0111001110000000 ( 134)                 STR   R1 R6 #0
(3042) 1DBF  0001110110111111 ( 136)                 ADD   R6 R6 #-1
(3043) 7580  0111010110000000 ( 137)                 STR   R2 R6 #0
(3044) 1DBF  0001110110111111 ( 139)                 ADD   R6 R6 #-1
(3045) 7780  0111011110000000 ( 140)                 STR   R3 R6 #0
(3046) 6341  0110001101000001 ( 142)                 LDR   R1 R5 #1
(3047) 24AB  0010010010101011 ( 146)                 LD    R2 A_CHECK
(3048) 1481  0001010010000001 ( 147)                 ADD   R2 R2 R1
(3049) 0A02  0000101000000010 ( 148)                 BRNP  NOT_A1
(304A) 26BA  0010011010111010 ( 150)                 LD    R3 ACTION_START
(304B) 0E06  0000111000000110 ( 152)                 BRNZP DONE_HALT
(304C) 24A7  0010010010100111 ( 156) NOT_A1          LD    R2 H_CHECK
(304D) 1481  0001010010000001 ( 157)                 ADD   R2 R2 R1
(304E) 0A02  0000101000000010 ( 158)                 BRNP  NOT_H1
(304F) 26B7  0010011010110111 ( 160)                 LD    R3 HALT_PROCESS
(3050) 0E01  0000111000000001 ( 162)                 BRNZP DONE_HALT
(3051) 26B1  0010011010110001 ( 166) NOT_H1          LD    R3 START
(3052) 7740  0111011101000000 ( 170) DONE_HALT       STR   R3 R5 #0
(3053) 6780  0110011110000000 ( 172)                 LDR   R3 R6 #0
(3054) 1DA1  0001110110100001 ( 173)                 ADD   R6 R6 #1
(3055) 6580  0110010110000000 ( 175)                 LDR   R2 R6 #0
(3056) 1DA1  0001110110100001 ( 176)                 ADD   R6 R6 #1
(3057) 6380  0110001110000000 ( 178)                 LDR   R1 R6 #0
(3058) 1DA1  0001110110100001 ( 179)                 ADD   R6 R6 #1
(3059) 6B80  0110101110000000 ( 181)                 LDR   R5 R6 #0
(305A) 1DA1  0001110110100001 ( 182)                 ADD   R6 R6 #1
(305B) C1C0  1100000111000000 ( 184)                 RET   
(305C) 1DBF  0001110110111111 ( 200) EXECUTE_ACTION_SUBROUTINE ADD   R6 R6 #-1
(305D) 7B80  0111101110000000 ( 201)                 STR   R5 R6 #0
(305E) 1BA1  0001101110100001 ( 203)                 ADD   R5 R6 #1
(305F) 1DBF  0001110110111111 ( 205)                 ADD   R6 R6 #-1
(3060) 7380  0111001110000000 ( 206)                 STR   R1 R6 #0
(3061) 1DBF  0001110110111111 ( 208)                 ADD   R6 R6 #-1
(3062) 7580  0111010110000000 ( 209)                 STR   R2 R6 #0
(3063) 1DBF  0001110110111111 ( 211)                 ADD   R6 R6 #-1
(3064) 7780  0111011110000000 ( 212)                 STR   R3 R6 #0
(3065) 6341  0110001101000001 ( 214)                 LDR   R1 R5 #1
(3066) 248C  0010010010001100 ( 218)                 LD    R2 A_CHECK
(3067) 1481  0001010010000001 ( 219)                 ADD   R2 R2 R1
(3068) 0A02  0000101000000010 ( 220)                 BRNP  NOT_A2
(3069) 269B  0010011010011011 ( 222)                 LD    R3 ACTION_START
(306A) 0E06  0000111000000110 ( 224)                 BRNZP DONE_EXECUTE_ACTION
(306B) 2488  0010010010001000 ( 228) NOT_A2          LD    R2 H_CHECK
(306C) 1481  0001010010000001 ( 229)                 ADD   R2 R2 R1
(306D) 0A02  0000101000000010 ( 230)                 BRNP  NOT_H2
(306E) 2698  0010011010011000 ( 232)                 LD    R3 HALT_PROCESS
(306F) 0E01  0000111000000001 ( 234)                 BRNZP DONE_EXECUTE_ACTION
(3070) 2692  0010011010010010 ( 238) NOT_H2          LD    R3 START
(3071) 7740  0111011101000000 ( 242) DONE_EXECUTE_ACTION STR   R3 R5 #0
(3072) 6780  0110011110000000 ( 244)                 LDR   R3 R6 #0
(3073) 1DA1  0001110110100001 ( 245)                 ADD   R6 R6 #1
(3074) 6580  0110010110000000 ( 247)                 LDR   R2 R6 #0
(3075) 1DA1  0001110110100001 ( 248)                 ADD   R6 R6 #1
(3076) 6380  0110001110000000 ( 250)                 LDR   R1 R6 #0
(3077) 1DA1  0001110110100001 ( 251)                 ADD   R6 R6 #1
(3078) 6B80  0110101110000000 ( 253)                 LDR   R5 R6 #0
(3079) 1DA1  0001110110100001 ( 254)                 ADD   R6 R6 #1
(307A) C1C0  1100000111000000 ( 256)                 RET   
(307B) 1DBF  0001110110111111 ( 275) ACTION_START_SUBROUTINE ADD   R6 R6 #-1
(307C) 7B80  0111101110000000 ( 276)                 STR   R5 R6 #0
(307D) 1BA1  0001101110100001 ( 278)                 ADD   R5 R6 #1
(307E) 1DBF  0001110110111111 ( 280)                 ADD   R6 R6 #-1
(307F) 7380  0111001110000000 ( 281)                 STR   R1 R6 #0
(3080) 1DBF  0001110110111111 ( 283)                 ADD   R6 R6 #-1
(3081) 7580  0111010110000000 ( 284)                 STR   R2 R6 #0
(3082) 1DBF  0001110110111111 ( 286)                 ADD   R6 R6 #-1
(3083) 7780  0111011110000000 ( 287)                 STR   R3 R6 #0
(3084) 1DBF  0001110110111111 ( 289)                 ADD   R6 R6 #-1
(3085) 7180  0111000110000000 ( 290)                 STR   R0 R6 #0
(3086) 1DBF  0001110110111111 ( 292)                 ADD   R6 R6 #-1
(3087) 7F80  0111111110000000 ( 293)                 STR   R7 R6 #0
(3088) 6341  0110001101000001 ( 295)                 LDR   R1 R5 #1
(3089) 2468  0010010001101000 ( 300)                 LD    R2 NUM
(308A) 1442  0001010001000010 ( 301)                 ADD   R2 R1 R2
(308B) 020A  0000001000001010 ( 302)                 BRP   NOT_NUM
(308C) E469  1110010001101001 ( 304)                 LEA   R2 ACTION_VALUE
(308D) 6080  0110000010000000 ( 305)                 LDR   R0 R2 #0
(308E) F021  1111000000100001 ( 306)                 TRAP  x21
(308F) 5020  0101000000100000 ( 308)                 AND   R0 R0 #0
(3090) 1040  0001000001000000 ( 309)                 ADD   R0 R1 R0
(3091) F021  1111000000100001 ( 310)                 TRAP  x21
(3092) 205E  0010000001011110 ( 312)                 LD    R0 SPACE
(3093) F021  1111000000100001 ( 313)                 TRAP  x21
(3094) 2671  0010011001110001 ( 315)                 LD    R3 EXECUTE_ACTION
(3095) 0E01  0000111000000001 ( 317)                 BRNZP DONE_ACTION_START
(3096) 266C  0010011001101100 ( 320) NOT_NUM         LD    R3 START
(3097) 7740  0111011101000000 ( 324) DONE_ACTION_START STR   R3 R5 #0
(3098) 6F80  0110111110000000 ( 326)                 LDR   R7 R6 #0
(3099) 1DA1  0001110110100001 ( 327)                 ADD   R6 R6 #1
(309A) 6180  0110000110000000 ( 329)                 LDR   R0 R6 #0
(309B) 1DA1  0001110110100001 ( 330)                 ADD   R6 R6 #1
(309C) 6780  0110011110000000 ( 332)                 LDR   R3 R6 #0
(309D) 1DA1  0001110110100001 ( 333)                 ADD   R6 R6 #1
(309E) 6580  0110010110000000 ( 335)                 LDR   R2 R6 #0
(309F) 1DA1  0001110110100001 ( 336)                 ADD   R6 R6 #1
(30A0) 6380  0110001110000000 ( 338)                 LDR   R1 R6 #0
(30A1) 1DA1  0001110110100001 ( 339)                 ADD   R6 R6 #1
(30A2) 6B80  0110101110000000 ( 341)                 LDR   R5 R6 #0
(30A3) 1DA1  0001110110100001 ( 342)                 ADD   R6 R6 #1
(30A4) C1C0  1100000111000000 ( 344)                 RET   
(30A5) 1DBF  0001110110111111 ( 360) MESSAGE_START_SUBROUTINE ADD   R6 R6 #-1
(30A6) 7B80  0111101110000000 ( 361)                 STR   R5 R6 #0
(30A7) 1BA1  0001101110100001 ( 363)                 ADD   R5 R6 #1
(30A8) 1DBF  0001110110111111 ( 365)                 ADD   R6 R6 #-1
(30A9) 7380  0111001110000000 ( 366)                 STR   R1 R6 #0
(30AA) 1DBF  0001110110111111 ( 368)                 ADD   R6 R6 #-1
(30AB) 7580  0111010110000000 ( 369)                 STR   R2 R6 #0
(30AC) 1DBF  0001110110111111 ( 371)                 ADD   R6 R6 #-1
(30AD) 7780  0111011110000000 ( 372)                 STR   R3 R6 #0
(30AE) 6341  0110001101000001 ( 374)                 LDR   R1 R5 #1
(30AF) 2443  0010010001000011 ( 378)                 LD    R2 A_CHECK
(30B0) 1481  0001010010000001 ( 379)                 ADD   R2 R2 R1
(30B1) 0A02  0000101000000010 ( 380)                 BRNP  NOT_A3
(30B2) 2652  0010011001010010 ( 382)                 LD    R3 ACTION_START
(30B3) 0E0B  0000111000001011 ( 384)                 BRNZP DONE_MESSAGE_START
(30B4) 243F  0010010000111111 ( 388) NOT_A3          LD    R2 H_CHECK
(30B5) 1481  0001010010000001 ( 389)                 ADD   R2 R2 R1
(30B6) 0A02  0000101000000010 ( 390)                 BRNP  NOT_H3
(30B7) 264F  0010011001001111 ( 392)                 LD    R3 HALT_PROCESS
(30B8) 0E06  0000111000000110 ( 394)                 BRNZP DONE_MESSAGE_START
(30B9) 243B  0010010000111011 ( 398) NOT_H3          LD    R2 ANGLE_BRACKET_CHECK
(30BA) 1481  0001010010000001 ( 399)                 ADD   R2 R2 R1
(30BB) 0A02  0000101000000010 ( 400)                 BRNP  NOT_ANGLE_BRACKET1
(30BC) 2647  0010011001000111 ( 402)                 LD    R3 MESSAGE_START
(30BD) 0E01  0000111000000001 ( 404)                 BRNZP DONE_MESSAGE_START
(30BE) 2644  0010011001000100 ( 408) NOT_ANGLE_BRACKET1 LD    R3 START
(30BF) 7740  0111011101000000 ( 412) DONE_MESSAGE_START STR   R3 R5 #0
(30C0) 6780  0110011110000000 ( 414)                 LDR   R3 R6 #0
(30C1) 1DA1  0001110110100001 ( 415)                 ADD   R6 R6 #1
(30C2) 6580  0110010110000000 ( 417)                 LDR   R2 R6 #0
(30C3) 1DA1  0001110110100001 ( 418)                 ADD   R6 R6 #1
(30C4) 6380  0110001110000000 ( 420)                 LDR   R1 R6 #0
(30C5) 1DA1  0001110110100001 ( 421)                 ADD   R6 R6 #1
(30C6) 6B80  0110101110000000 ( 423)                 LDR   R5 R6 #0
(30C7) 1DA1  0001110110100001 ( 424)                 ADD   R6 R6 #1
(30C8) C1C0  1100000111000000 ( 426)                 RET   
(30C9) 1DBF  0001110110111111 ( 442) START_SUBROUTINE ADD   R6 R6 #-1
(30CA) 7B80  0111101110000000 ( 443)                 STR   R5 R6 #0
(30CB) 1BA1  0001101110100001 ( 445)                 ADD   R5 R6 #1
(30CC) 1DBF  0001110110111111 ( 447)                 ADD   R6 R6 #-1
(30CD) 7380  0111001110000000 ( 448)                 STR   R1 R6 #0
(30CE) 1DBF  0001110110111111 ( 450)                 ADD   R6 R6 #-1
(30CF) 7580  0111010110000000 ( 451)                 STR   R2 R6 #0
(30D0) 1DBF  0001110110111111 ( 453)                 ADD   R6 R6 #-1
(30D1) 7780  0111011110000000 ( 454)                 STR   R3 R6 #0
(30D2) 6341  0110001101000001 ( 456)                 LDR   R1 R5 #1
(30D3) 2421  0010010000100001 ( 460)                 LD    R2 ANGLE_BRACKET_CHECK
(30D4) 1481  0001010010000001 ( 461)                 ADD   R2 R2 R1
(30D5) 0A02  0000101000000010 ( 462)                 BRNP  NOT_ANGLE_BRACKET2
(30D6) 262D  0010011000101101 ( 464)                 LD    R3 MESSAGE_START
(30D7) 0E01  0000111000000001 ( 466)                 BRNZP DONE_START
(30D8) 262A  0010011000101010 ( 470) NOT_ANGLE_BRACKET2 LD    R3 START
(30D9) 7740  0111011101000000 ( 474) DONE_START      STR   R3 R5 #0
(30DA) 6780  0110011110000000 ( 476)                 LDR   R3 R6 #0
(30DB) 1DA1  0001110110100001 ( 477)                 ADD   R6 R6 #1
(30DC) 6580  0110010110000000 ( 479)                 LDR   R2 R6 #0
(30DD) 1DA1  0001110110100001 ( 480)                 ADD   R6 R6 #1
(30DE) 6380  0110001110000000 ( 482)                 LDR   R1 R6 #0
(30DF) 1DA1  0001110110100001 ( 483)                 ADD   R6 R6 #1
(30E0) 6B80  0110101110000000 ( 485)                 LDR   R5 R6 #0
(30E1) 1DA1  0001110110100001 ( 486)                 ADD   R6 R6 #1
(30E2) C1C0  1100000111000000 ( 488)                 RET   
(30E3) 4000  0100000000000000 ( 492) STACKBASE       .FILL x4000
(30E4) 003C  0000000000111100 ( 493) MSG             .FILL x003C
(30E5) 0048  0000000001001000 ( 493)                 .FILL x0048
(30E6) 0041  0000000001000001 ( 493)                 .FILL x0041
(30E7) 0030  0000000000110000 ( 493)                 .FILL x0030
(30E8) 0078  0000000001111000 ( 493)                 .FILL x0078
(30E9) 0041  0000000001000001 ( 493)                 .FILL x0041
(30EA) 0033  0000000000110011 ( 493)                 .FILL x0033
(30EB) 003C  0000000000111100 ( 493)                 .FILL x003C
(30EC) 003C  0000000000111100 ( 493)                 .FILL x003C
(30ED) 0041  0000000001000001 ( 493)                 .FILL x0041
(30EE) 0031  0000000000110001 ( 493)                 .FILL x0031
(30EF) 003E  0000000000111110 ( 493)                 .FILL x003E
(30F0) 0000  0000000000000000 ( 493)                 .FILL x0000
(30F1) 0020  0000000000100000 ( 497) SPACE           .FILL x0020
(30F2) FFC7  1111111111000111 ( 501) NUM             .FILL xFFC7
(30F3) FFBF  1111111110111111 ( 505) A_CHECK         .FILL xFFBF
(30F4) FFB8  1111111110111000 ( 506) H_CHECK         .FILL xFFB8
(30F5) FFC4  1111111111000100 ( 507) ANGLE_BRACKET_CHECK .FILL xFFC4
(30F6) 0041  0000000001000001 ( 511) ACTION_VALUE    .FILL x0041
(30F7) 0000  0000000000000000 ( 511)                 .FILL x0000
(30F8) 0048  0000000001001000 ( 512) HALT_VALUE      .FILL x0048
(30F9) 0000  0000000000000000 ( 512)                 .FILL x0000
(30FA) 0044  0000000001000100 ( 513) DONE_MESSAGE    .FILL x0044
(30FB) 006F  0000000001101111 ( 513)                 .FILL x006F
(30FC) 006E  0000000001101110 ( 513)                 .FILL x006E
(30FD) 0065  0000000001100101 ( 513)                 .FILL x0065
(30FE) 0000  0000000000000000 ( 513)                 .FILL x0000
(30FF) FFFF  1111111111111111 ( 517) MESSAGE_START_CHECK .FILL xFFFF
(3100) FFFE  1111111111111110 ( 518) ACTION_START_CHECK .FILL xFFFE
(3101) FFFD  1111111111111101 ( 519) EXECUTE_ACTION_CHECK .FILL xFFFD
(3102) FFFC  1111111111111100 ( 520) HALT_PROCESS_CHECK .FILL xFFFC
(3103) 0000  0000000000000000 ( 524) START           .FILL x0000
(3104) 0001  0000000000000001 ( 525) MESSAGE_START   .FILL x0001
(3105) 0002  0000000000000010 ( 526) ACTION_START    .FILL x0002
(3106) 0003  0000000000000011 ( 527) EXECUTE_ACTION  .FILL x0003
(3107) 0004  0000000000000100 ( 528) HALT_PROCESS    .FILL x0004
