(0000) 3000  0011000000000000 (  16)                 .ORIG x3000
(3000) 223A  0010001000111010 (  20)                 LD    R1 NUMBER
(3001) 54A0  0101010010100000 (  21)                 AND   R2 R2 #0
(3002) 56E0  0101011011100000 (  22)                 AND   R3 R3 #0
(3003) 14A1  0001010010100001 (  23)                 ADD   R2 R2 #1
(3004) 16E1  0001011011100001 (  24)                 ADD   R3 R3 #1
(3005) 5DA0  0101110110100000 (  25)                 AND   R6 R6 #0
(3006) 2A35  0010101000110101 (  26)                 LD    R5 WRITESTEP
(3007) 5920  0101100100100000 (  30)                 AND   R4 R4 #0
(3008) 987F  1001100001111111 (  33)                 NOT   R4 R1
(3009) 1921  0001100100100001 (  34)                 ADD   R4 R4 #1
(300A) 0E09  0000111000001001 (  38)                 BRNZP DESTLOOP
(300B) 2A30  0010101000110000 (  41) RUN             LD    R5 WRITESTEP
(300C) 14A0  0001010010100000 (  42)                 ADD   R2 R2 #0
(300D) 0603  0000011000000011 (  43)                 BRZP  OVER
(300E) 54A0  0101010010100000 (  44)                 AND   R2 R2 #0
(300F) 14A1  0001010010100001 (  45)                 ADD   R2 R2 #1
(3010) 0E01  0000111000000001 (  46)                 BRNZP SKIPOVER
(3011) 1482  0001010010000010 (  48) OVER            ADD   R2 R2 R2
(3012) 16E0  0001011011100000 (  50) SKIPOVER        ADD   R3 R3 #0
(3013) 0804  0000100000000100 (  51)                 BRN   NEGATIVE
(3014) 16E0  0001011011100000 (  54) DESTLOOP        ADD   R3 R3 #0
(3015) 0802  0000100000000010 (  55)                 BRN   NEGATIVE
(3016) 16C3  0001011011000011 (  56)                 ADD   R3 R3 R3
(3017) 0E02  0000111000000010 (  57)                 BRNZP OF
(3018) 56E0  0101011011100000 (  59) NEGATIVE        AND   R3 R3 #0
(3019) 16E1  0001011011100001 (  60)                 ADD   R3 R3 #1
(301A) 1B7F  0001101101111111 (  62) OF              ADD   R5 R5 #-1
(301B) 03F8  0000001111111000 (  63)                 BRP   DESTLOOP
(301C) 5A42  0101101001000010 (  66)                 AND   R5 R1 R2
(301D) 05ED  0000010111101101 (  67)                 BRZ   RUN
(301E) 5A43  0101101001000011 (  72)                 AND   R5 R1 R3
(301F) 0BEB  0000101111101011 (  73)                 BRNP  RUN
(3020) 9A7F  1001101001111111 (  77) SWAP1           NOT   R5 R1
(3021) 1B42  0001101101000010 (  78)                 ADD   R5 R5 R2
(3022) 5920  0101100100100000 (  79)                 AND   R4 R4 #0
(3023) 1844  0001100001000100 (  80)                 ADD   R4 R1 R4
(3024) 993F  1001100100111111 (  82)                 NOT   R4 R4
(3025) 9F7F  1001111101111111 (  83)                 NOT   R7 R5
(3026) 5FC4  0101111111000100 (  84)                 AND   R7 R7 R4
(3027) 9FFF  1001111111111111 (  85)                 NOT   R7 R7
(3028) 993F  1001100100111111 (  86)                 NOT   R4 R4
(3029) 5144  0101000101000100 (  87)                 AND   R0 R5 R4
(302A) 903F  1001000000111111 (  88)                 NOT   R0 R0
(302B) 51C0  0101000111000000 (  89)                 AND   R0 R7 R0
(302C) 5201  0101001000000001 (  91)                 AND   R1 R0 R1
(302D) 1243  0001001001000011 (  92)                 ADD   R1 R1 R3
(302E) 5920  0101100100100000 (  98) CHECK           AND   R4 R4 #0
(302F) 200B  0010000000001011 (  99)                 LD    R0 NUMBER
(3030) 983F  1001100000111111 ( 102)                 NOT   R4 R0
(3031) 1921  0001100100100001 ( 103)                 ADD   R4 R4 #1
(3032) 1DA1  0001110110100001 ( 108)                 ADD   R6 R6 #1
(3033) 1A44  0001101001000100 ( 109)                 ADD   R5 R1 R4
(3034) 0BD6  0000101111010110 ( 110)                 BRNP  RUN
(3035) E007  1110000000000111 ( 113)                 LEA   R0 OUTPUT
(3036) F022  1111000000100010 ( 114)                 TRAP  x22
(3037) 2018  0010000000011000 ( 115)                 LD    R0 ASCII
(3038) 1180  0001000110000000 ( 116)                 ADD   R0 R6 R0
(3039) F021  1111000000100001 ( 117)                 TRAP  x21
(303A) F025  1111000000100101 ( 119)                 TRAP  x25
(303B) 0001  0000000000000001 ( 123) NUMBER          .FILL x0001
(303C) 0003  0000000000000011 ( 124) WRITESTEP       .FILL x0003
(303D) 004E  0000000001001110 ( 125) OUTPUT          .FILL x004E
(303E) 0075  0000000001110101 ( 125)                 .FILL x0075
(303F) 006D  0000000001101101 ( 125)                 .FILL x006D
(3040) 0062  0000000001100010 ( 125)                 .FILL x0062
(3041) 0065  0000000001100101 ( 125)                 .FILL x0065
(3042) 0072  0000000001110010 ( 125)                 .FILL x0072
(3043) 0020  0000000000100000 ( 125)                 .FILL x0020
(3044) 006F  0000000001101111 ( 125)                 .FILL x006F
(3045) 0066  0000000001100110 ( 125)                 .FILL x0066
(3046) 0020  0000000000100000 ( 125)                 .FILL x0020
(3047) 0072  0000000001110010 ( 125)                 .FILL x0072
(3048) 006F  0000000001101111 ( 125)                 .FILL x006F
(3049) 0075  0000000001110101 ( 125)                 .FILL x0075
(304A) 006E  0000000001101110 ( 125)                 .FILL x006E
(304B) 0064  0000000001100100 ( 125)                 .FILL x0064
(304C) 0073  0000000001110011 ( 125)                 .FILL x0073
(304D) 003A  0000000000111010 ( 125)                 .FILL x003A
(304E) 0020  0000000000100000 ( 125)                 .FILL x0020
(304F) 0000  0000000000000000 ( 125)                 .FILL x0000
(3050) 0030  0000000000110000 ( 126) ASCII           .FILL x0030
