(0000) 3000  0011000000000000 (  12)                 .ORIG x3000
(3000) 2C84  0010110010000100 (  14)                 LD    R6 STACKBASE
(3001) 2684  0010011010000100 (  15)                 LD    R3 NUM
(3002) 2884  0010100010000100 (  16)                 LD    R4 N
(3003) 1DBF  0001110110111111 (  18)                 ADD   R6 R6 #-1
(3004) 7780  0111011110000000 (  19)                 STR   R3 R6 #0
(3005) 1DBF  0001110110111111 (  21)                 ADD   R6 R6 #-1
(3006) 7980  0111100110000000 (  22)                 STR   R4 R6 #0
(3007) 1DBF  0001110110111111 (  24)                 ADD   R6 R6 #-1
(3008) 4821  0100100000100001 (  26)                 JSR   shiftLeftN
(3009) 6780  0110011110000000 (  28)                 LDR   R3 R6 #0
(300A) 1DA3  0001110110100011 (  29)                 ADD   R6 R6 #3
(300B) 1DBF  0001110110111111 (  31)                 ADD   R6 R6 #-1
(300C) 7780  0111011110000000 (  32)                 STR   R3 R6 #0
(300D) 1DBF  0001110110111111 (  34)                 ADD   R6 R6 #-1
(300E) 7980  0111100110000000 (  35)                 STR   R4 R6 #0
(300F) 1DBF  0001110110111111 (  37)                 ADD   R6 R6 #-1
(3010) 4856  0100100001010110 (  39)                 JSR   shiftRightN
(3011) 6980  0110100110000000 (  41)                 LDR   R4 R6 #0
(3012) 1DA3  0001110110100011 (  42)                 ADD   R6 R6 #3
(3013) F025  1111000000100101 (  44)                 TRAP  x25
(3014) 1DBF  0001110110111111 (  59) encryptChar     ADD   R6 R6 #-1
(3015) 7B80  0111101110000000 (  60)                 STR   R5 R6 #0
(3016) 1BA1  0001101110100001 (  62)                 ADD   R5 R6 #1
(3017) 1DBF  0001110110111111 (  64)                 ADD   R6 R6 #-1
(3018) 7380  0111001110000000 (  65)                 STR   R1 R6 #0
(3019) 1DBF  0001110110111111 (  67)                 ADD   R6 R6 #-1
(301A) 7580  0111010110000000 (  68)                 STR   R2 R6 #0
(301B) 6341  0110001101000001 (  70)                 LDR   R1 R5 #1
(301C) 246B  0010010001101011 (  73)                 LD    R2 WRAP_CHECK
(301D) 5481  0101010010000001 (  74)                 AND   R2 R2 R1
(301E) 1241  0001001001000001 (  76)                 ADD   R1 R1 R1
(301F) 14A0  0001010010100000 (  78)                 ADD   R2 R2 #0
(3020) 0401  0000010000000001 (  79)                 BRZ   NO_WRAP1
(3021) 1261  0001001001100001 (  80)                 ADD   R1 R1 #1
(3022) 7340  0111001101000000 (  83) NO_WRAP1        STR   R1 R5 #0
(3023) 6580  0110010110000000 (  85)                 LDR   R2 R6 #0
(3024) 1DA1  0001110110100001 (  86)                 ADD   R6 R6 #1
(3025) 6380  0110001110000000 (  88)                 LDR   R1 R6 #0
(3026) 1DA1  0001110110100001 (  89)                 ADD   R6 R6 #1
(3027) 6B80  0110101110000000 (  91)                 LDR   R5 R6 #0
(3028) 1DA1  0001110110100001 (  92)                 ADD   R6 R6 #1
(3029) C1C0  1100000111000000 (  94)                 RET   
(302A) 1DBF  0001110110111111 ( 112) shiftLeftN      ADD   R6 R6 #-1
(302B) 7B80  0111101110000000 ( 113)                 STR   R5 R6 #0
(302C) 1BA1  0001101110100001 ( 115)                 ADD   R5 R6 #1
(302D) 1DBF  0001110110111111 ( 117)                 ADD   R6 R6 #-1
(302E) 7380  0111001110000000 ( 118)                 STR   R1 R6 #0
(302F) 1DBF  0001110110111111 ( 120)                 ADD   R6 R6 #-1
(3030) 7580  0111010110000000 ( 121)                 STR   R2 R6 #0
(3031) 1DBF  0001110110111111 ( 123)                 ADD   R6 R6 #-1
(3032) 7F80  0111111110000000 ( 124)                 STR   R7 R6 #0
(3033) 6342  0110001101000010 ( 126)                 LDR   R1 R5 #2
(3034) 6541  0110010101000001 ( 127)                 LDR   R2 R5 #1
(3035) 0409  0000010000001001 ( 130)                 BRZ   noShifts
(3036) 1DBF  0001110110111111 ( 132) LOOP            ADD   R6 R6 #-1
(3037) 7380  0111001110000000 ( 133)                 STR   R1 R6 #0
(3038) 1DBF  0001110110111111 ( 134)                 ADD   R6 R6 #-1
(3039) 4FDA  0100111111011010 ( 135)                 JSR   encryptChar
(303A) 6380  0110001110000000 ( 137)                 LDR   R1 R6 #0
(303B) 1DA2  0001110110100010 ( 138)                 ADD   R6 R6 #2
(303C) 14BF  0001010010111111 ( 140)                 ADD   R2 R2 #-1
(303D) 03F8  0000001111111000 ( 141)                 BRP   LOOP
(303E) 7340  0111001101000000 ( 143)                 STR   R1 R5 #0
(303F) 6F80  0110111110000000 ( 146) noShifts        LDR   R7 R6 #0
(3040) 1DA1  0001110110100001 ( 147)                 ADD   R6 R6 #1
(3041) 6580  0110010110000000 ( 149)                 LDR   R2 R6 #0
(3042) 1DA1  0001110110100001 ( 150)                 ADD   R6 R6 #1
(3043) 6380  0110001110000000 ( 152)                 LDR   R1 R6 #0
(3044) 1DA1  0001110110100001 ( 153)                 ADD   R6 R6 #1
(3045) 6B80  0110101110000000 ( 155)                 LDR   R5 R6 #0
(3046) 1DA1  0001110110100001 ( 156)                 ADD   R6 R6 #1
(3047) C1C0  1100000111000000 ( 158)                 RET   
(3048) 1DBF  0001110110111111 ( 175) decryptChar     ADD   R6 R6 #-1
(3049) 7B80  0111101110000000 ( 176)                 STR   R5 R6 #0
(304A) 1BA1  0001101110100001 ( 178)                 ADD   R5 R6 #1
(304B) 1DBF  0001110110111111 ( 180)                 ADD   R6 R6 #-1
(304C) 7380  0111001110000000 ( 181)                 STR   R1 R6 #0
(304D) 1DBF  0001110110111111 ( 183)                 ADD   R6 R6 #-1
(304E) 7580  0111010110000000 ( 184)                 STR   R2 R6 #0
(304F) 1DBF  0001110110111111 ( 186)                 ADD   R6 R6 #-1
(3050) 7780  0111011110000000 ( 187)                 STR   R3 R6 #0
(3051) 6341  0110001101000001 ( 189)                 LDR   R1 R5 #1
(3052) 56E0  0101011011100000 ( 195)                 AND   R3 R3 #0
(3053) 16EF  0001011011101111 ( 196)                 ADD   R3 R3 #15
(3054) 2433  0010010000110011 ( 199) LOOP1           LD    R2 WRAP_CHECK
(3055) 5481  0101010010000001 ( 200)                 AND   R2 R2 R1
(3056) 0403  0000010000000011 ( 201)                 BRZ   NO_WRAP
(3057) 1241  0001001001000001 ( 203)                 ADD   R1 R1 R1
(3058) 1261  0001001001100001 ( 204)                 ADD   R1 R1 #1
(3059) 0E01  0000111000000001 ( 205)                 BRNZP SKIP
(305A) 1241  0001001001000001 ( 208) NO_WRAP         ADD   R1 R1 R1
(305B) 16FF  0001011011111111 ( 211) SKIP            ADD   R3 R3 #-1
(305C) 03F7  0000001111110111 ( 212)                 BRP   LOOP1
(305D) 7340  0111001101000000 ( 214)                 STR   R1 R5 #0
(305E) 6780  0110011110000000 ( 216)                 LDR   R3 R6 #0
(305F) 1DA1  0001110110100001 ( 217)                 ADD   R6 R6 #1
(3060) 6580  0110010110000000 ( 219)                 LDR   R2 R6 #0
(3061) 1DA1  0001110110100001 ( 220)                 ADD   R6 R6 #1
(3062) 6380  0110001110000000 ( 222)                 LDR   R1 R6 #0
(3063) 1DA1  0001110110100001 ( 223)                 ADD   R6 R6 #1
(3064) 6B80  0110101110000000 ( 225)                 LDR   R5 R6 #0
(3065) 1DA1  0001110110100001 ( 226)                 ADD   R6 R6 #1
(3066) C1C0  1100000111000000 ( 228)                 RET   
(3067) 1DBF  0001110110111111 ( 246) shiftRightN     ADD   R6 R6 #-1
(3068) 7B80  0111101110000000 ( 247)                 STR   R5 R6 #0
(3069) 1BA1  0001101110100001 ( 249)                 ADD   R5 R6 #1
(306A) 1DBF  0001110110111111 ( 251)                 ADD   R6 R6 #-1
(306B) 7380  0111001110000000 ( 252)                 STR   R1 R6 #0
(306C) 1DBF  0001110110111111 ( 254)                 ADD   R6 R6 #-1
(306D) 7580  0111010110000000 ( 255)                 STR   R2 R6 #0
(306E) 1DBF  0001110110111111 ( 257)                 ADD   R6 R6 #-1
(306F) 7F80  0111111110000000 ( 258)                 STR   R7 R6 #0
(3070) 6342  0110001101000010 ( 260)                 LDR   R1 R5 #2
(3071) 6541  0110010101000001 ( 261)                 LDR   R2 R5 #1
(3072) 0409  0000010000001001 ( 264)                 BRZ   noShifts1
(3073) 1DBF  0001110110111111 ( 266) LOOP2           ADD   R6 R6 #-1
(3074) 7380  0111001110000000 ( 267)                 STR   R1 R6 #0
(3075) 1DBF  0001110110111111 ( 268)                 ADD   R6 R6 #-1
(3076) 4FD1  0100111111010001 ( 269)                 JSR   decryptChar
(3077) 6380  0110001110000000 ( 271)                 LDR   R1 R6 #0
(3078) 1DA2  0001110110100010 ( 272)                 ADD   R6 R6 #2
(3079) 14BF  0001010010111111 ( 274)                 ADD   R2 R2 #-1
(307A) 03F8  0000001111111000 ( 275)                 BRP   LOOP2
(307B) 7340  0111001101000000 ( 277)                 STR   R1 R5 #0
(307C) 6F80  0110111110000000 ( 280) noShifts1       LDR   R7 R6 #0
(307D) 1DA1  0001110110100001 ( 281)                 ADD   R6 R6 #1
(307E) 6580  0110010110000000 ( 283)                 LDR   R2 R6 #0
(307F) 1DA1  0001110110100001 ( 284)                 ADD   R6 R6 #1
(3080) 6380  0110001110000000 ( 286)                 LDR   R1 R6 #0
(3081) 1DA1  0001110110100001 ( 287)                 ADD   R6 R6 #1
(3082) 6B80  0110101110000000 ( 289)                 LDR   R5 R6 #0
(3083) 1DA1  0001110110100001 ( 290)                 ADD   R6 R6 #1
(3084) C1C0  1100000111000000 ( 292)                 RET   
(3085) 4000  0100000000000000 ( 296) STACKBASE       .FILL x4000
(3086) BCDA  1011110011011010 ( 297) NUM             .FILL xBCDA
(3087) 0004  0000000000000100 ( 298) N               .FILL x0004
(3088) 8000  1000000000000000 ( 299) WRAP_CHECK      .FILL x8000
