(0000) 3000  0011000000000000 (  12)                 .ORIG x3000
(3000) 2C96  0010110010010110 (  14)                 LD    R6 STACKBASE
(3001) 2896  0010100010010110 (  15)                 LD    R4 Key
(3002) E097  1110000010010111 (  18) RUN             LEA   R0 PROMPT
(3003) F022  1111000000100010 (  19)                 TRAP  x22
(3004) F020  1111000000100000 (  20)                 TRAP  x20
(3005) F021  1111000000100001 (  21)                 TRAP  x21
(3006) 1DBF  0001110110111111 (  23)                 ADD   R6 R6 #-1
(3007) 7180  0111000110000000 (  24)                 STR   R0 R6 #0
(3008) 1DBF  0001110110111111 (  26)                 ADD   R6 R6 #-1
(3009) 7980  0111100110000000 (  27)                 STR   R4 R6 #0
(300A) 1DBF  0001110110111111 (  29)                 ADD   R6 R6 #-1
(300B) E0BF  1110000010111111 (  31)                 LEA   R0 NEW_LINE
(300C) F022  1111000000100010 (  32)                 TRAP  x22
(300D) 482E  0100100000101110 (  34)                 JSR   shiftLeftN
(300E) E09A  1110000010011010 (  35)                 LEA   R0 ENCRYPT
(300F) F022  1111000000100010 (  36)                 TRAP  x22
(3010) 6180  0110000110000000 (  38)                 LDR   R0 R6 #0
(3011) F021  1111000000100001 (  39)                 TRAP  x21
(3012) 1DA3  0001110110100011 (  41)                 ADD   R6 R6 #3
(3013) 1DBF  0001110110111111 (  43)                 ADD   R6 R6 #-1
(3014) 7180  0111000110000000 (  44)                 STR   R0 R6 #0
(3015) 1DBF  0001110110111111 (  46)                 ADD   R6 R6 #-1
(3016) 7980  0111100110000000 (  47)                 STR   R4 R6 #0
(3017) 1DBF  0001110110111111 (  49)                 ADD   R6 R6 #-1
(3018) E0B2  1110000010110010 (  51)                 LEA   R0 NEW_LINE
(3019) F022  1111000000100010 (  52)                 TRAP  x22
(301A) 485E  0100100001011110 (  54)                 JSR   shiftRightN
(301B) E09E  1110000010011110 (  55)                 LEA   R0 DECRYPT
(301C) F022  1111000000100010 (  56)                 TRAP  x22
(301D) 6180  0110000110000000 (  58)                 LDR   R0 R6 #0
(301E) F021  1111000000100001 (  59)                 TRAP  x21
(301F) E0AB  1110000010101011 (  61)                 LEA   R0 NEW_LINE
(3020) F022  1111000000100010 (  62)                 TRAP  x22
(3021) F022  1111000000100010 (  63)                 TRAP  x22
(3022) F022  1111000000100010 (  64)                 TRAP  x22
(3023) 1DA3  0001110110100011 (  65)                 ADD   R6 R6 #3
(3024) 0FDD  0000111111011101 (  67)                 BRNZP RUN
(3025) F025  1111000000100101 (  69)                 TRAP  x25
(3026) 1DBF  0001110110111111 (  84) encryptChar     ADD   R6 R6 #-1
(3027) 7B80  0111101110000000 (  85)                 STR   R5 R6 #0
(3028) 1BA1  0001101110100001 (  87)                 ADD   R5 R6 #1
(3029) 1DBF  0001110110111111 (  89)                 ADD   R6 R6 #-1
(302A) 7380  0111001110000000 (  90)                 STR   R1 R6 #0
(302B) 1DBF  0001110110111111 (  92)                 ADD   R6 R6 #-1
(302C) 7580  0111010110000000 (  93)                 STR   R2 R6 #0
(302D) 6341  0110001101000001 (  95)                 LDR   R1 R5 #1
(302E) 246A  0010010001101010 (  98)                 LD    R2 WRAP_CHECK
(302F) 5481  0101010010000001 (  99)                 AND   R2 R2 R1
(3030) 1241  0001001001000001 ( 101)                 ADD   R1 R1 R1
(3031) 14A0  0001010010100000 ( 103)                 ADD   R2 R2 #0
(3032) 0401  0000010000000001 ( 104)                 BRZ   NO_WRAP1
(3033) 1261  0001001001100001 ( 105)                 ADD   R1 R1 #1
(3034) 7340  0111001101000000 ( 108) NO_WRAP1        STR   R1 R5 #0
(3035) 6580  0110010110000000 ( 110)                 LDR   R2 R6 #0
(3036) 1DA1  0001110110100001 ( 111)                 ADD   R6 R6 #1
(3037) 6380  0110001110000000 ( 113)                 LDR   R1 R6 #0
(3038) 1DA1  0001110110100001 ( 114)                 ADD   R6 R6 #1
(3039) 6B80  0110101110000000 ( 116)                 LDR   R5 R6 #0
(303A) 1DA1  0001110110100001 ( 117)                 ADD   R6 R6 #1
(303B) C1C0  1100000111000000 ( 119)                 RET   
(303C) 1DBF  0001110110111111 ( 137) shiftLeftN      ADD   R6 R6 #-1
(303D) 7B80  0111101110000000 ( 138)                 STR   R5 R6 #0
(303E) 1BA1  0001101110100001 ( 140)                 ADD   R5 R6 #1
(303F) 1DBF  0001110110111111 ( 142)                 ADD   R6 R6 #-1
(3040) 7380  0111001110000000 ( 143)                 STR   R1 R6 #0
(3041) 1DBF  0001110110111111 ( 145)                 ADD   R6 R6 #-1
(3042) 7580  0111010110000000 ( 146)                 STR   R2 R6 #0
(3043) 1DBF  0001110110111111 ( 148)                 ADD   R6 R6 #-1
(3044) 7F80  0111111110000000 ( 149)                 STR   R7 R6 #0
(3045) 6342  0110001101000010 ( 151)                 LDR   R1 R5 #2
(3046) 6541  0110010101000001 ( 152)                 LDR   R2 R5 #1
(3047) 0409  0000010000001001 ( 155)                 BRZ   noShifts
(3048) 1DBF  0001110110111111 ( 157) LOOP            ADD   R6 R6 #-1
(3049) 7380  0111001110000000 ( 158)                 STR   R1 R6 #0
(304A) 1DBF  0001110110111111 ( 159)                 ADD   R6 R6 #-1
(304B) 4FDA  0100111111011010 ( 160)                 JSR   encryptChar
(304C) 6380  0110001110000000 ( 162)                 LDR   R1 R6 #0
(304D) 1DA2  0001110110100010 ( 163)                 ADD   R6 R6 #2
(304E) 14BF  0001010010111111 ( 165)                 ADD   R2 R2 #-1
(304F) 03F8  0000001111111000 ( 166)                 BRP   LOOP
(3050) 7340  0111001101000000 ( 168)                 STR   R1 R5 #0
(3051) 6F80  0110111110000000 ( 171) noShifts        LDR   R7 R6 #0
(3052) 1DA1  0001110110100001 ( 172)                 ADD   R6 R6 #1
(3053) 6580  0110010110000000 ( 174)                 LDR   R2 R6 #0
(3054) 1DA1  0001110110100001 ( 175)                 ADD   R6 R6 #1
(3055) 6380  0110001110000000 ( 177)                 LDR   R1 R6 #0
(3056) 1DA1  0001110110100001 ( 178)                 ADD   R6 R6 #1
(3057) 6B80  0110101110000000 ( 180)                 LDR   R5 R6 #0
(3058) 1DA1  0001110110100001 ( 181)                 ADD   R6 R6 #1
(3059) C1C0  1100000111000000 ( 183)                 RET   
(305A) 1DBF  0001110110111111 ( 200) decryptChar     ADD   R6 R6 #-1
(305B) 7B80  0111101110000000 ( 201)                 STR   R5 R6 #0
(305C) 1BA1  0001101110100001 ( 203)                 ADD   R5 R6 #1
(305D) 1DBF  0001110110111111 ( 205)                 ADD   R6 R6 #-1
(305E) 7380  0111001110000000 ( 206)                 STR   R1 R6 #0
(305F) 1DBF  0001110110111111 ( 208)                 ADD   R6 R6 #-1
(3060) 7580  0111010110000000 ( 209)                 STR   R2 R6 #0
(3061) 1DBF  0001110110111111 ( 211)                 ADD   R6 R6 #-1
(3062) 7780  0111011110000000 ( 212)                 STR   R3 R6 #0
(3063) 6341  0110001101000001 ( 214)                 LDR   R1 R5 #1
(3064) 56E0  0101011011100000 ( 219)                 AND   R3 R3 #0
(3065) 16EF  0001011011101111 ( 220)                 ADD   R3 R3 #15
(3066) 2432  0010010000110010 ( 223) LOOP1           LD    R2 WRAP_CHECK
(3067) 5481  0101010010000001 ( 224)                 AND   R2 R2 R1
(3068) 0403  0000010000000011 ( 225)                 BRZ   NO_WRAP
(3069) 1241  0001001001000001 ( 227)                 ADD   R1 R1 R1
(306A) 1261  0001001001100001 ( 228)                 ADD   R1 R1 #1
(306B) 0E01  0000111000000001 ( 229)                 BRNZP SKIP
(306C) 1241  0001001001000001 ( 232) NO_WRAP         ADD   R1 R1 R1
(306D) 16FF  0001011011111111 ( 235) SKIP            ADD   R3 R3 #-1
(306E) 03F7  0000001111110111 ( 236)                 BRP   LOOP1
(306F) 7340  0111001101000000 ( 238)                 STR   R1 R5 #0
(3070) 6780  0110011110000000 ( 240)                 LDR   R3 R6 #0
(3071) 1DA1  0001110110100001 ( 241)                 ADD   R6 R6 #1
(3072) 6580  0110010110000000 ( 243)                 LDR   R2 R6 #0
(3073) 1DA1  0001110110100001 ( 244)                 ADD   R6 R6 #1
(3074) 6380  0110001110000000 ( 246)                 LDR   R1 R6 #0
(3075) 1DA1  0001110110100001 ( 247)                 ADD   R6 R6 #1
(3076) 6B80  0110101110000000 ( 249)                 LDR   R5 R6 #0
(3077) 1DA1  0001110110100001 ( 250)                 ADD   R6 R6 #1
(3078) C1C0  1100000111000000 ( 252)                 RET   
(3079) 1DBF  0001110110111111 ( 270) shiftRightN     ADD   R6 R6 #-1
(307A) 7B80  0111101110000000 ( 271)                 STR   R5 R6 #0
(307B) 1BA1  0001101110100001 ( 273)                 ADD   R5 R6 #1
(307C) 1DBF  0001110110111111 ( 275)                 ADD   R6 R6 #-1
(307D) 7380  0111001110000000 ( 276)                 STR   R1 R6 #0
(307E) 1DBF  0001110110111111 ( 278)                 ADD   R6 R6 #-1
(307F) 7580  0111010110000000 ( 279)                 STR   R2 R6 #0
(3080) 1DBF  0001110110111111 ( 281)                 ADD   R6 R6 #-1
(3081) 7F80  0111111110000000 ( 282)                 STR   R7 R6 #0
(3082) 6342  0110001101000010 ( 284)                 LDR   R1 R5 #2
(3083) 6541  0110010101000001 ( 285)                 LDR   R2 R5 #1
(3084) 0409  0000010000001001 ( 288)                 BRZ   noShifts1
(3085) 1DBF  0001110110111111 ( 290) LOOP2           ADD   R6 R6 #-1
(3086) 7380  0111001110000000 ( 291)                 STR   R1 R6 #0
(3087) 1DBF  0001110110111111 ( 292)                 ADD   R6 R6 #-1
(3088) 4FD1  0100111111010001 ( 293)                 JSR   decryptChar
(3089) 6380  0110001110000000 ( 295)                 LDR   R1 R6 #0
(308A) 1DA2  0001110110100010 ( 296)                 ADD   R6 R6 #2
(308B) 14BF  0001010010111111 ( 298)                 ADD   R2 R2 #-1
(308C) 03F8  0000001111111000 ( 299)                 BRP   LOOP2
(308D) 7340  0111001101000000 ( 301)                 STR   R1 R5 #0
(308E) 6F80  0110111110000000 ( 304) noShifts1       LDR   R7 R6 #0
(308F) 1DA1  0001110110100001 ( 305)                 ADD   R6 R6 #1
(3090) 6580  0110010110000000 ( 307)                 LDR   R2 R6 #0
(3091) 1DA1  0001110110100001 ( 308)                 ADD   R6 R6 #1
(3092) 6380  0110001110000000 ( 310)                 LDR   R1 R6 #0
(3093) 1DA1  0001110110100001 ( 311)                 ADD   R6 R6 #1
(3094) 6B80  0110101110000000 ( 313)                 LDR   R5 R6 #0
(3095) 1DA1  0001110110100001 ( 314)                 ADD   R6 R6 #1
(3096) C1C0  1100000111000000 ( 316)                 RET   
(3097) 4000  0100000000000000 ( 320) STACKBASE       .FILL x4000
(3098) 0003  0000000000000011 ( 321) Key             .FILL x0003
(3099) 8000  1000000000000000 ( 322) WRAP_CHECK      .FILL x8000
(309A) 0045  0000000001000101 ( 323) PROMPT          .FILL x0045
(309B) 006E  0000000001101110 ( 323)                 .FILL x006E
(309C) 0074  0000000001110100 ( 323)                 .FILL x0074
(309D) 0065  0000000001100101 ( 323)                 .FILL x0065
(309E) 0072  0000000001110010 ( 323)                 .FILL x0072
(309F) 0020  0000000000100000 ( 323)                 .FILL x0020
(30A0) 0061  0000000001100001 ( 323)                 .FILL x0061
(30A1) 0020  0000000000100000 ( 323)                 .FILL x0020
(30A2) 0063  0000000001100011 ( 323)                 .FILL x0063
(30A3) 0068  0000000001101000 ( 323)                 .FILL x0068
(30A4) 0061  0000000001100001 ( 323)                 .FILL x0061
(30A5) 0072  0000000001110010 ( 323)                 .FILL x0072
(30A6) 003A  0000000000111010 ( 323)                 .FILL x003A
(30A7) 0020  0000000000100000 ( 323)                 .FILL x0020
(30A8) 0000  0000000000000000 ( 323)                 .FILL x0000
(30A9) 0045  0000000001000101 ( 324) ENCRYPT         .FILL x0045
(30AA) 006E  0000000001101110 ( 324)                 .FILL x006E
(30AB) 0063  0000000001100011 ( 324)                 .FILL x0063
(30AC) 0072  0000000001110010 ( 324)                 .FILL x0072
(30AD) 0079  0000000001111001 ( 324)                 .FILL x0079
(30AE) 0070  0000000001110000 ( 324)                 .FILL x0070
(30AF) 0074  0000000001110100 ( 324)                 .FILL x0074
(30B0) 0065  0000000001100101 ( 324)                 .FILL x0065
(30B1) 0064  0000000001100100 ( 324)                 .FILL x0064
(30B2) 0020  0000000000100000 ( 324)                 .FILL x0020
(30B3) 0063  0000000001100011 ( 324)                 .FILL x0063
(30B4) 0068  0000000001101000 ( 324)                 .FILL x0068
(30B5) 0061  0000000001100001 ( 324)                 .FILL x0061
(30B6) 0072  0000000001110010 ( 324)                 .FILL x0072
(30B7) 003A  0000000000111010 ( 324)                 .FILL x003A
(30B8) 0020  0000000000100000 ( 324)                 .FILL x0020
(30B9) 0000  0000000000000000 ( 324)                 .FILL x0000
(30BA) 0044  0000000001000100 ( 325) DECRYPT         .FILL x0044
(30BB) 0065  0000000001100101 ( 325)                 .FILL x0065
(30BC) 0063  0000000001100011 ( 325)                 .FILL x0063
(30BD) 0072  0000000001110010 ( 325)                 .FILL x0072
(30BE) 0079  0000000001111001 ( 325)                 .FILL x0079
(30BF) 0070  0000000001110000 ( 325)                 .FILL x0070
(30C0) 0074  0000000001110100 ( 325)                 .FILL x0074
(30C1) 0065  0000000001100101 ( 325)                 .FILL x0065
(30C2) 0064  0000000001100100 ( 325)                 .FILL x0064
(30C3) 0020  0000000000100000 ( 325)                 .FILL x0020
(30C4) 0063  0000000001100011 ( 325)                 .FILL x0063
(30C5) 0068  0000000001101000 ( 325)                 .FILL x0068
(30C6) 0061  0000000001100001 ( 325)                 .FILL x0061
(30C7) 0072  0000000001110010 ( 325)                 .FILL x0072
(30C8) 003A  0000000000111010 ( 325)                 .FILL x003A
(30C9) 0020  0000000000100000 ( 325)                 .FILL x0020
(30CA) 0000  0000000000000000 ( 325)                 .FILL x0000
(30CB) 000A  0000000000001010 ( 326) NEW_LINE        .FILL x000A
(30CC) 0000  0000000000000000 ( 326)                 .FILL x0000
