(0000) 3000  0011000000000000 (  13)                 .ORIG x3000
(3000) 2C7D  0010110001111101 (  15)                 LD    R6 STACKBASE
(3001) 267D  0010011001111101 (  16)                 LD    R3 NUM
(3002) 287D  0010100001111101 (  17)                 LD    R4 N
(3003) 1DBF  0001110110111111 (  19)                 ADD   R6 R6 #-1
(3004) 7780  0111011110000000 (  20)                 STR   R3 R6 #0
(3005) 1DBF  0001110110111111 (  22)                 ADD   R6 R6 #-1
(3006) 7980  0111100110000000 (  23)                 STR   R4 R6 #0
(3007) 1DBF  0001110110111111 (  25)                 ADD   R6 R6 #-1
(3008) 4818  0100100000011000 (  28)                 JSR   shiftLeftN
(3009) 6780  0110011110000000 (  30)                 LDR   R3 R6 #0
(300A) 1DA3  0001110110100011 (  31)                 ADD   R6 R6 #3
(300B) 1DBF  0001110110111111 (  33)                 ADD   R6 R6 #-1
(300C) 7780  0111011110000000 (  34)                 STR   R3 R6 #0
(300D) 1DBF  0001110110111111 (  36)                 ADD   R6 R6 #-1
(300E) 7980  0111100110000000 (  37)                 STR   R4 R6 #0
(300F) 1DBF  0001110110111111 (  39)                 ADD   R6 R6 #-1
(3010) 484F  0100100001001111 (  41)                 JSR   shiftRightN
(3011) 6980  0110100110000000 (  43)                 LDR   R4 R6 #0
(3012) 1DA3  0001110110100011 (  44)                 ADD   R6 R6 #3
(3013) F025  1111000000100101 (  46)                 TRAP  x25
(3014) 1DBF  0001110110111111 (  59) shiftLeft1      ADD   R6 R6 #-1
(3015) 7B80  0111101110000000 (  60)                 STR   R5 R6 #0
(3016) 1BA1  0001101110100001 (  62)                 ADD   R5 R6 #1
(3017) 1DBF  0001110110111111 (  64)                 ADD   R6 R6 #-1
(3018) 7380  0111001110000000 (  65)                 STR   R1 R6 #0
(3019) 6341  0110001101000001 (  67)                 LDR   R1 R5 #1
(301A) 1241  0001001001000001 (  70)                 ADD   R1 R1 R1
(301B) 7340  0111001101000000 (  71)                 STR   R1 R5 #0
(301C) 6380  0110001110000000 (  73)                 LDR   R1 R6 #0
(301D) 1DA1  0001110110100001 (  74)                 ADD   R6 R6 #1
(301E) 6B80  0110101110000000 (  76)                 LDR   R5 R6 #0
(301F) 1DA1  0001110110100001 (  77)                 ADD   R6 R6 #1
(3020) C1C0  1100000111000000 (  79)                 RET   
(3021) 1DBF  0001110110111111 (  97) shiftLeftN      ADD   R6 R6 #-1
(3022) 7B80  0111101110000000 (  98)                 STR   R5 R6 #0
(3023) 1BA1  0001101110100001 ( 100)                 ADD   R5 R6 #1
(3024) 1DBF  0001110110111111 ( 102)                 ADD   R6 R6 #-1
(3025) 7380  0111001110000000 ( 103)                 STR   R1 R6 #0
(3026) 1DBF  0001110110111111 ( 105)                 ADD   R6 R6 #-1
(3027) 7580  0111010110000000 ( 106)                 STR   R2 R6 #0
(3028) 1DBF  0001110110111111 ( 108)                 ADD   R6 R6 #-1
(3029) 7F80  0111111110000000 ( 109)                 STR   R7 R6 #0
(302A) 6342  0110001101000010 ( 111)                 LDR   R1 R5 #2
(302B) 6541  0110010101000001 ( 112)                 LDR   R2 R5 #1
(302C) 0409  0000010000001001 ( 115)                 BRZ   noShifts
(302D) 1DBF  0001110110111111 ( 117) LOOP            ADD   R6 R6 #-1
(302E) 7380  0111001110000000 ( 118)                 STR   R1 R6 #0
(302F) 1DBF  0001110110111111 ( 119)                 ADD   R6 R6 #-1
(3030) 4FE3  0100111111100011 ( 120)                 JSR   shiftLeft1
(3031) 6380  0110001110000000 ( 122)                 LDR   R1 R6 #0
(3032) 1DA2  0001110110100010 ( 123)                 ADD   R6 R6 #2
(3033) 14BF  0001010010111111 ( 125)                 ADD   R2 R2 #-1
(3034) 03F8  0000001111111000 ( 126)                 BRP   LOOP
(3035) 7340  0111001101000000 ( 128)                 STR   R1 R5 #0
(3036) 6F80  0110111110000000 ( 131) noShifts        LDR   R7 R6 #0
(3037) 1DA1  0001110110100001 ( 132)                 ADD   R6 R6 #1
(3038) 6580  0110010110000000 ( 134)                 LDR   R2 R6 #0
(3039) 1DA1  0001110110100001 ( 135)                 ADD   R6 R6 #1
(303A) 6380  0110001110000000 ( 137)                 LDR   R1 R6 #0
(303B) 1DA1  0001110110100001 ( 138)                 ADD   R6 R6 #1
(303C) 6B80  0110101110000000 ( 140)                 LDR   R5 R6 #0
(303D) 1DA1  0001110110100001 ( 141)                 ADD   R6 R6 #1
(303E) C1C0  1100000111000000 ( 143)                 RET   
(303F) 1DBF  0001110110111111 ( 160) shiftRight1     ADD   R6 R6 #-1
(3040) 7B80  0111101110000000 ( 161)                 STR   R5 R6 #0
(3041) 1BA1  0001101110100001 ( 163)                 ADD   R5 R6 #1
(3042) 1DBF  0001110110111111 ( 165)                 ADD   R6 R6 #-1
(3043) 7380  0111001110000000 ( 166)                 STR   R1 R6 #0
(3044) 1DBF  0001110110111111 ( 168)                 ADD   R6 R6 #-1
(3045) 7580  0111010110000000 ( 169)                 STR   R2 R6 #0
(3046) 1DBF  0001110110111111 ( 171)                 ADD   R6 R6 #-1
(3047) 7780  0111011110000000 ( 172)                 STR   R3 R6 #0
(3048) 6341  0110001101000001 ( 174)                 LDR   R1 R5 #1
(3049) 56E0  0101011011100000 ( 180)                 AND   R3 R3 #0
(304A) 16EF  0001011011101111 ( 181)                 ADD   R3 R3 #15
(304B) 2436  0010010000110110 ( 183)                 LD    R2 DELETE_WRAP
(304C) 5242  0101001001000010 ( 184)                 AND   R1 R1 R2
(304D) 2433  0010010000110011 ( 187) LOOP1           LD    R2 WRAP_CHECK
(304E) 5481  0101010010000001 ( 188)                 AND   R2 R2 R1
(304F) 0403  0000010000000011 ( 189)                 BRZ   NO_WRAP
(3050) 1241  0001001001000001 ( 191)                 ADD   R1 R1 R1
(3051) 1261  0001001001100001 ( 192)                 ADD   R1 R1 #1
(3052) 0E01  0000111000000001 ( 193)                 BRNZP SKIP
(3053) 1241  0001001001000001 ( 196) NO_WRAP         ADD   R1 R1 R1
(3054) 16FF  0001011011111111 ( 199) SKIP            ADD   R3 R3 #-1
(3055) 03F7  0000001111110111 ( 200)                 BRP   LOOP1
(3056) 7340  0111001101000000 ( 202)                 STR   R1 R5 #0
(3057) 6780  0110011110000000 ( 204)                 LDR   R3 R6 #0
(3058) 1DA1  0001110110100001 ( 205)                 ADD   R6 R6 #1
(3059) 6580  0110010110000000 ( 207)                 LDR   R2 R6 #0
(305A) 1DA1  0001110110100001 ( 208)                 ADD   R6 R6 #1
(305B) 6380  0110001110000000 ( 210)                 LDR   R1 R6 #0
(305C) 1DA1  0001110110100001 ( 211)                 ADD   R6 R6 #1
(305D) 6B80  0110101110000000 ( 213)                 LDR   R5 R6 #0
(305E) 1DA1  0001110110100001 ( 214)                 ADD   R6 R6 #1
(305F) C1C0  1100000111000000 ( 216)                 RET   
(3060) 1DBF  0001110110111111 ( 234) shiftRightN     ADD   R6 R6 #-1
(3061) 7B80  0111101110000000 ( 235)                 STR   R5 R6 #0
(3062) 1BA1  0001101110100001 ( 237)                 ADD   R5 R6 #1
(3063) 1DBF  0001110110111111 ( 239)                 ADD   R6 R6 #-1
(3064) 7380  0111001110000000 ( 240)                 STR   R1 R6 #0
(3065) 1DBF  0001110110111111 ( 242)                 ADD   R6 R6 #-1
(3066) 7580  0111010110000000 ( 243)                 STR   R2 R6 #0
(3067) 1DBF  0001110110111111 ( 245)                 ADD   R6 R6 #-1
(3068) 7F80  0111111110000000 ( 246)                 STR   R7 R6 #0
(3069) 6342  0110001101000010 ( 248)                 LDR   R1 R5 #2
(306A) 6541  0110010101000001 ( 249)                 LDR   R2 R5 #1
(306B) 0409  0000010000001001 ( 252)                 BRZ   noShifts1
(306C) 1DBF  0001110110111111 ( 254) LOOP2           ADD   R6 R6 #-1
(306D) 7380  0111001110000000 ( 255)                 STR   R1 R6 #0
(306E) 1DBF  0001110110111111 ( 256)                 ADD   R6 R6 #-1
(306F) 4FCF  0100111111001111 ( 257)                 JSR   shiftRight1
(3070) 6380  0110001110000000 ( 259)                 LDR   R1 R6 #0
(3071) 1DA2  0001110110100010 ( 260)                 ADD   R6 R6 #2
(3072) 14BF  0001010010111111 ( 262)                 ADD   R2 R2 #-1
(3073) 03F8  0000001111111000 ( 263)                 BRP   LOOP2
(3074) 7340  0111001101000000 ( 265)                 STR   R1 R5 #0
(3075) 6F80  0110111110000000 ( 268) noShifts1       LDR   R7 R6 #0
(3076) 1DA1  0001110110100001 ( 269)                 ADD   R6 R6 #1
(3077) 6580  0110010110000000 ( 271)                 LDR   R2 R6 #0
(3078) 1DA1  0001110110100001 ( 272)                 ADD   R6 R6 #1
(3079) 6380  0110001110000000 ( 274)                 LDR   R1 R6 #0
(307A) 1DA1  0001110110100001 ( 275)                 ADD   R6 R6 #1
(307B) 6B80  0110101110000000 ( 277)                 LDR   R5 R6 #0
(307C) 1DA1  0001110110100001 ( 278)                 ADD   R6 R6 #1
(307D) C1C0  1100000111000000 ( 280)                 RET   
(307E) 4000  0100000000000000 ( 284) STACKBASE       .FILL x4000
(307F) 0019  0000000000011001 ( 285) NUM             .FILL x0019
(3080) 0004  0000000000000100 ( 286) N               .FILL x0004
(3081) 8000  1000000000000000 ( 287) WRAP_CHECK      .FILL x8000
(3082) FFFE  1111111111111110 ( 288) DELETE_WRAP     .FILL xFFFE
